<?xml version="1.0" encoding="UTF-8"?>
<!-- Generated by org.testng.reporters.JUnitXMLReporter -->
<testsuite ignored="1" hostname="lin80031457" failures="0" tests="2" name="Test" time="27.928" errors="0" timestamp="2024-01-12T10:12:51 IST">
  <testcase classname="testCases.TC001_AccountRegistrationTest" name="verify_AccountRegistration" time="5.391"/>
  <testcase classname="testCases.TC_002_VerifyLogin" name="verify_login" time="2.243"/>
  <testcase classname="testCases.TC003_VerifyLoginDDT" name="verifylogin" time="0.0">
    <ignored/>
  </testcase> <!-- verifylogin -->
</testsuite> <!-- Test -->
