<?xml version="1.0" encoding="UTF-8"?>
<testng-results ignored="0" total="1" passed="1" failed="0" skipped="0">
  <reporter-output>
  </reporter-output>
  <suite started-at="2024-01-25T12:57:13 IST" name="Suite" finished-at="2024-01-25T12:57:35 IST" duration-ms="22547">
    <groups>
    </groups>
    <test started-at="2024-01-25T12:57:13 IST" name="Test" finished-at="2024-01-25T12:57:35 IST" duration-ms="22547">
      <class name="testCases.TC006_Verify_displayof_viewcartscreen">
        <test-method is-config="true" signature="setup(java.lang.String,java.lang.String)[pri:0, instance:testCases.TC006_Verify_displayof_viewcartscreen@7bba5817]" started-at="2024-01-25T12:57:13 IST" name="setup" finished-at="2024-01-25T12:57:24 IST" duration-ms="10798" status="PASS">
          <params>
            <param index="0">
              <value>
                <![CDATA[windows]]>
              </value>
            </param>
            <param index="1">
              <value>
                <![CDATA[chrome]]>
              </value>
            </param>
          </params>
          <reporter-output>
          </reporter-output>
        </test-method> <!-- setup -->
        <test-method signature="Verifythecheckoutscreen()[pri:0, instance:testCases.TC006_Verify_displayof_viewcartscreen@7bba5817]" started-at="2024-01-25T12:57:24 IST" name="Verifythecheckoutscreen" finished-at="2024-01-25T12:57:35 IST" duration-ms="11638" status="PASS">
          <reporter-output>
          </reporter-output>
        </test-method> <!-- Verifythecheckoutscreen -->
        <test-method is-config="true" signature="Closebrw()[pri:0, instance:testCases.TC006_Verify_displayof_viewcartscreen@7bba5817]" started-at="2024-01-25T12:57:35 IST" name="Closebrw" finished-at="2024-01-25T12:57:35 IST" duration-ms="1" status="PASS">
          <reporter-output>
          </reporter-output>
        </test-method> <!-- Closebrw -->
      </class> <!-- testCases.TC006_Verify_displayof_viewcartscreen -->
    </test> <!-- Test -->
  </suite> <!-- Suite -->
</testng-results>
